<?xml version="1.0" encoding="UTF-8"?>
<testng-results ignored="0" total="1" passed="1" failed="0" skipped="0">
  <reporter-output>
  </reporter-output>
  <suite started-at="2023-12-13T12:22:12 IST" name="Suite" finished-at="2023-12-13T12:22:40 IST" duration-ms="28076">
    <groups>
      <group name="cucumber">
        <method signature="AbstractTestNGCucumberTests.runScenario(io.cucumber.testng.PickleWrapper, io.cucumber.testng.FeatureWrapper)[pri:0, instance:runner.Runner@333291e3]" name="runScenario" class="io.cucumber.testng.AbstractTestNGCucumberTests"/>
      </group> <!-- cucumber -->
    </groups>
    <test started-at="2023-12-13T12:22:12 IST" name="Test" finished-at="2023-12-13T12:22:40 IST" duration-ms="28076">
      <class name="runner.Runner">
        <test-method is-config="true" signature="setUpClass()[pri:0, instance:runner.Runner@333291e3]" started-at="2023-12-13T12:22:12 IST" name="setUpClass" finished-at="2023-12-13T12:22:13 IST" duration-ms="1289" status="PASS">
          <reporter-output>
          </reporter-output>
        </test-method> <!-- setUpClass -->
        <test-method signature="runScenario(io.cucumber.testng.PickleWrapper, io.cucumber.testng.FeatureWrapper)[pri:0, instance:runner.Runner@333291e3]" started-at="2023-12-13T12:22:13 IST" name="runScenario" description="Runs Cucumber Scenarios" data-provider="scenarios" finished-at="2023-12-13T12:22:40 IST" duration-ms="26717" status="PASS">
          <params>
            <param index="0">
              <value>
                <![CDATA["Navigates to Different Hyperlink and perform few actions"]]>
              </value>
            </param>
            <param index="1">
              <value>
                <![CDATA["Optional[Verify Few hyperlinks Functionality]"]]>
              </value>
            </param>
          </params>
          <reporter-output>
          </reporter-output>
        </test-method> <!-- runScenario -->
        <test-method is-config="true" signature="tearDownClass()[pri:0, instance:runner.Runner@333291e3]" started-at="2023-12-13T12:22:40 IST" name="tearDownClass" finished-at="2023-12-13T12:22:40 IST" duration-ms="14" status="PASS">
          <reporter-output>
          </reporter-output>
        </test-method> <!-- tearDownClass -->
      </class> <!-- runner.Runner -->
    </test> <!-- Test -->
  </suite> <!-- Suite -->
</testng-results>
